#
# There is insufficient memory for the Java Runtime Environment to continue.
# Native memory allocation (mmap) failed to map 65536 bytes. Error detail: Failed to commit metaspace.
# Possible reasons:
#   The system is out of physical RAM or swap space
#   This process is running with CompressedOops enabled, and the Java Heap may be blocking the growth of the native heap
# Possible solutions:
#   Reduce memory load on the system
#   Increase physical memory or swap space
#   Check if swap backing store is full
#   Decrease Java heap size (-Xmx/-Xms)
#   Decrease number of Java threads
#   Decrease Java thread stack sizes (-Xss)
#   Set larger code cache with -XX:ReservedCodeCacheSize=
#   JVM is running with Unscaled Compressed Oops mode in which the Java heap is
#     placed in the first 4GB address space. The Java Heap base address is the
#     maximum limit for the native heap growth. Please use -XX:HeapBaseMinAddress
#     to set the Java Heap base and to place the Java Heap above 4GB virtual address.
# This output file may be truncated or incomplete.
#
#  Out of Memory Error (virtualSpaceNode.cpp:112), pid=8884, tid=19856
#
# JRE version: Java(TM) SE Runtime Environment (22.0.1+8) (build 22.0.1+8-16)
# Java VM: Java HotSpot(TM) 64-Bit Server VM (22.0.1+8-16, mixed mode, sharing, tiered, compressed oops, compressed class ptrs, g1 gc, windows-amd64)
# No core dump will be written. Minidumps are not enabled by default on client versions of Windows
#

---------------  S U M M A R Y ------------

Command Line: -Dfile.encoding=UTF-8 --module-path=C:\Users\hp\Documents\NetBeansProjects\Bankmnanagementsystem\build\classes bankmnanagementsystem.Signupformthree

Host: AMD Ryzen 5 3500U with Radeon Vega Mobile Gfx  , 8 cores, 5G,  Windows 10 , 64 bit Build 19041 (10.0.19041.4717)
Time: Fri Aug 30 15:12:04 2024 India Standard Time elapsed time: 0.206477 seconds (0d 0h 0m 0s)

---------------  T H R E A D  ---------------

Current thread (0x0000014206d3d6f0):  JavaThread "main"             [_thread_in_vm, id=19856, stack(0x0000001d1f000000,0x0000001d1f100000) (1024K)]

Stack: [0x0000001d1f000000,0x0000001d1f100000]
Native frames: (J=compiled Java code, j=interpreted, Vv=VM code, C=native code)
V  [jvm.dll+0x6e2279]  (no source info available)
V  [jvm.dll+0x874e33]  (no source info available)
V  [jvm.dll+0x87725e]  (no source info available)
V  [jvm.dll+0x877933]  (no source info available)
V  [jvm.dll+0x27fd76]  (no source info available)
V  [jvm.dll+0x870a7e]  (no source info available)
V  [jvm.dll+0x6852e5]  (no source info available)
V  [jvm.dll+0x68534a]  (no source info available)
V  [jvm.dll+0x687b8a]  (no source info available)
V  [jvm.dll+0x2250ac]  (no source info available)
V  [jvm.dll+0x685cfe]  (no source info available)
V  [jvm.dll+0x26b190]  (no source info available)
V  [jvm.dll+0x215cf7]  (no source info available)
V  [jvm.dll+0x20b4ee]  (no source info available)
V  [jvm.dll+0x5c462f]  (no source info available)
V  [jvm.dll+0x21cc6a]  (no source info available)
V  [jvm.dll+0x7eb6dc]  (no source info available)
V  [jvm.dll+0x7ec776]  (no source info available)
V  [jvm.dll+0x7ecd84]  (no source info available)
V  [jvm.dll+0x7eca08]  (no source info available)
V  [jvm.dll+0x47bdc9]  (no source info available)
V  [jvm.dll+0x44a966]  (no source info available)
C  [awt.dll+0xd728c]  (no source info available)
C  0x00000142165ccfc7  (no source info available)

The last pc belongs to native method entry point (kind = native) (printed below).
Java frames: (J=compiled Java code, j=interpreted, Vv=VM code)
j  sun.awt.windows.WToolkit.initIDs()V+0 java.desktop@22.0.1
j  sun.awt.windows.WToolkit.<clinit>()V+20 java.desktop@22.0.1
v  ~StubRoutines::call_stub 0x00000142165c100d
j  sun.awt.Win32GraphicsEnvironment.<clinit>()V+16 java.desktop@22.0.1
v  ~StubRoutines::call_stub 0x00000142165c100d
j  sun.awt.PlatformGraphicsInfo.createGE()Ljava/awt/GraphicsEnvironment;+0 java.desktop@22.0.1
j  java.awt.GraphicsEnvironment$LocalGE.createGE()Ljava/awt/GraphicsEnvironment;+0 java.desktop@22.0.1
j  java.awt.GraphicsEnvironment$LocalGE.<clinit>()V+0 java.desktop@22.0.1
v  ~StubRoutines::call_stub 0x00000142165c100d
j  java.awt.GraphicsEnvironment.getLocalGraphicsEnvironment()Ljava/awt/GraphicsEnvironment;+0 java.desktop@22.0.1
j  java.awt.Window.initGC(Ljava/awt/GraphicsConfiguration;)Ljava/awt/GraphicsConfiguration;+7 java.desktop@22.0.1
j  java.awt.Window.init(Ljava/awt/GraphicsConfiguration;)V+45 java.desktop@22.0.1
j  java.awt.Window.<init>()V+114 java.desktop@22.0.1
j  java.awt.Frame.<init>(Ljava/lang/String;)V+1 java.desktop@22.0.1
j  java.awt.Frame.<init>()V+3 java.desktop@22.0.1
j  javax.swing.JFrame.<init>()V+1 java.desktop@22.0.1
j  bankmnanagementsystem.Signupformthree.<init>()V+1
j  bankmnanagementsystem.Signupformthree.main([Ljava/lang/String;)V+4
v  ~StubRoutines::call_stub 0x00000142165c100d
native method entry point (kind = native)  [0x00000142165ccba0, 0x00000142165cd6c0]  2848 bytes
[MachCode]
  0x00000142165ccba0: 488b 4b08 | 0fb7 492e | 584c 8d74 | ccf8 6800 | 0000 0068 | 0000 0000 | 5055 488b | ec41 5568 
  0x00000142165ccbc0: 0000 0000 | 4c8b 6b08 | 4d8d 6d38 | 5348 8b53 | 0848 8b52 | 0848 8b52 | 1848 8b52 | 7048 8b12 
  0x00000142165ccbe0: 5248 8b53 | 1048 85d2 | 0f84 0700 | 0000 4881 | c210 0100 | 0052 488b | 5308 488b | 5208 488b 
  0x00000142165ccc00: 5210 5249 | 8bc6 482b | c548 c1e8 | 0350 6800 | 0000 0068 | f7ff ffff | 41c6 8781 | 0400 0001 
  0x00000142165ccc20: 488b 4310 | 4885 c074 | 208b 88cc | 0000 0083 | c102 8988 | cc00 0000 | 2388 e000 | 0000 0f84 
  0x00000142165ccc40: cb09 0000 | e9cf 0000 | 0048 8b43 | 1848 85c0 | 0f85 b000 | 0000 e805 | 0000 00e9 | 9900 0000 
  0x00000142165ccc60: 488b d348 | 8d44 2408 | 4c89 6dc0 | 498b cfc5 | f877 4989 | afb0 0300 | 0049 8987 | a003 0000 
  0x00000142165ccc80: 4883 ec20 | 40f6 c40f | 0f84 1900 | 0000 4883 | ec08 48b8 | a0a3 78be | fe7f 0000 | ffd0 4883 
  0x00000142165ccca0: c408 e90c | 0000 0048 | b8a0 a378 | befe 7f00 | 00ff d048 | 83c4 2049 | c787 a003 | 0000 0000 
  0x00000142165cccc0: 0000 49c7 | 87b0 0300 | 0000 0000 | 0049 c787 | a803 0000 | 0000 0000 | c5f8 7749 | 837f 0800 
  0x00000142165ccce0: 0f84 0500 | 0000 e915 | 42ff ff4c | 8b6d c04c | 8b75 c84e | 8d74 f500 | c348 8b43 | 1848 85c0 
  0x00000142165ccd00: 0f84 1200 | 0000 8b48 | 0883 c102 | 8948 0823 | 481c 0f84 | f708 0000 | 493b a7f0 | 0400 000f 
  0x00000142165ccd20: 8748 0000 | 0089 8424 | 00f0 ffff | 8984 2400 | e0ff ff89 | 8424 00d0 | ffff 8984 | 2400 c0ff 
  0x00000142165ccd40: ff89 8424 | 00b0 ffff | 8984 2400 | a0ff ff89 | 8424 0090 | ffff 8984 | 2400 80ff | ff49 3ba7 
  0x00000142165ccd60: e804 0000 | 7607 4989 | a7f0 0400 | 0041 c687 | 8104 0000 | 0049 ba9c | 30ff befe | 7f00 0041 
  0x00000142165ccd80: 803a 000f | 843e 0000 | 0048 8b55 | e849 8bcf | 4883 ec20 | 40f6 c40f | 0f84 1900 | 0000 4883 
  0x00000142165ccda0: ec08 48b8 | 40b5 afbe | fe7f 0000 | ffd0 4883 | c408 e90c | 0000 0048 | b840 b5af | befe 7f00 
  0x00000142165ccdc0: 00ff d048 | 83c4 2048 | 8b5d e84c | 8b5b 0845 | 0fb7 5b2e | 41c1 e303 | 492b e348 | 83ec 2048 
  0x00000142165ccde0: 83e4 f04c | 8b5b 604d | 85db 0f85 | ab00 0000 | e805 0000 | 00e9 9900 | 0000 488b | d348 8d44 
  0x00000142165cce00: 2408 4c89 | 6dc0 498b | cfc5 f877 | 4989 afb0 | 0300 0049 | 8987 a003 | 0000 4883 | ec20 40f6 
  0x00000142165cce20: c40f 0f84 | 1900 0000 | 4883 ec08 | 48b8 c0ca | 78be fe7f | 0000 ffd0 | 4883 c408 | e90c 0000 
  0x00000142165cce40: 0048 b8c0 | ca78 befe | 7f00 00ff | d048 83c4 | 2049 c787 | a003 0000 | 0000 0000 | 49c7 87b0 
  0x00000142165cce60: 0300 0000 | 0000 0049 | c787 a803 | 0000 0000 | 0000 c5f8 | 7749 837f | 0800 0f84 | 0500 0000 
  0x00000142165cce80: e97b 40ff | ff4c 8b6d | c04c 8b75 | c84e 8d74 | f500 c348 | 8b5d e84c | 8b5b 6041 | ffd3 488b 
  0x00000142165ccea0: 5de8 4889 | 4518 448b | 5b28 41f6 | c308 0f84 | 1b00 0000 | 4c8b 5b08 | 4d8b 5b08 | 4d8b 5b18 
  0x00000142165ccec0: 4d8b 5b70 | 4d8b 1b4c | 895d 1048 | 8d55 1048 | 8b43 5849 | ba40 0cb0 | befe 7f00 | 0049 3bc2 
  0x00000142165ccee0: 0f85 ab00 | 0000 e805 | 0000 00e9 | 9900 0000 | 488b d348 | 8d44 2408 | 4c89 6dc0 | 498b cfc5 
  0x00000142165ccf00: f877 4989 | afb0 0300 | 0049 8987 | a003 0000 | 4883 ec20 | 40f6 c40f | 0f84 1900 | 0000 4883 
  0x00000142165ccf20: ec08 48b8 | c0ca 78be | fe7f 0000 | ffd0 4883 | c408 e90c | 0000 0048 | b8c0 ca78 | befe 7f00 
  0x00000142165ccf40: 00ff d048 | 83c4 2049 | c787 a003 | 0000 0000 | 0000 49c7 | 87b0 0300 | 0000 0000 | 0049 c787 
  0x00000142165ccf60: a803 0000 | 0000 0000 | c5f8 7749 | 837f 0800 | 0f84 0500 | 0000 e985 | 3fff ff4c | 8b6d c04c 
  0x00000142165ccf80: 8b75 c84e | 8d74 f500 | c348 8b5d | e848 8b43 | 5849 8d8f | c003 0000 | c5f8 7749 | 89af b003 
  0x00000142165ccfa0: 0000 49ba | 98cf 5c16 | 4201 0000 | 4d89 97a8 | 0300 0049 | 89a7 a003 | 0000 41c7 | 8754 0400 
  0x00000142165ccfc0: 0004 0000 | 00ff d0c5 | f877 4883 | ec10 c5fb | 1104 2448 | 83ec 1048 | 8904 2448 | c744 2408 
  0x00000142165ccfe0: 0000 0000 | 41c7 8754 | 0400 0005 | 0000 00f0 | 8344 24c0 | 0049 3baf | 5804 0000 | 0f87 0e00 
  0x00000142165cd000: 0000 4183 | bf50 0400 | 0000 0f84 | 2000 0000 | 498b cf4c | 8be4 4883 | ec20 4883 | e4f0 48b8 
  0x00000142165cd020: d01e 7abe | fe7f 0000 | ffd0 498b | e44d 33e4 | 41c7 8754 | 0400 0008 | 0000 0049 | c787 a003 
  0x00000142165cd040: 0000 0000 | 0000 49c7 | 87b0 0300 | 0000 0000 | 0049 c787 | a803 0000 | 0000 0000 | c5f8 774d 
  0x00000142165cd060: 8b9f 3004 | 0000 41c7 | 8300 0100 | 0000 0000 | 0049 bb1a | a55c 1642 | 0100 004c | 3b5d 180f 
  0x00000142165cd080: 8524 0200 | 0048 8b04 | 2448 83c4 | 1048 85c0 | 0f84 fe01 | 0000 a803 | 0f85 0800 | 0000 488b 
  0x00000142165cd0a0: 00e9 ee01 | 0000 a801 | 0f85 0900 | 0000 488b | 40fe e9dd | 0100 0048 | 8b40 ff41 | 807f 3800 
  0x00000142165cd0c0: 0f84 ce01 | 0000 4883 | f800 0f84 | c401 0000 | 4d8b 5f28 | 4983 fb00 | 0f84 1400 | 0000 4983 
  0x00000142165cd0e0: eb08 4d89 | 5f28 4d03 | 5f30 4989 | 03e9 a201 | 0000 4881 | ecd0 0000 | 0048 8904 | 2448 894c 
  0x00000142165cd100: 2408 4889 | 5424 1048 | 8974 2418 | 4889 7c24 | 204c 8944 | 2428 4c89 | 4c24 304c | 8954 2438 
  0x00000142165cd120: 4c89 5c24 | 40c5 fb11 | 4424 50c5 | fb11 4c24 | 58c5 fb11 | 5424 60c5 | fb11 5c24 | 68c5 fb11 
  0x00000142165cd140: 6424 70c5 | fb11 6c24 | 78c5 fb11 | b424 8000 | 0000 c5fb | 11bc 2488 | 0000 00c5 | 7b11 8424 
  0x00000142165cd160: 9000 0000 | c57b 118c | 2498 0000 | 00c5 7b11 | 9424 a000 | 0000 c57b | 119c 24a8 | 0000 00c5 
  0x00000142165cd180: 7b11 a424 | b000 0000 | c57b 11ac | 24b8 0000 | 00c5 7b11 | b424 c000 | 0000 c57b | 11bc 24c8 
  0x00000142165cd1a0: 0000 0049 | 8bd7 488b | c848 83ec | 2040 f6c4 | 0f0f 8419 | 0000 0048 | 83ec 0848 | b8e0 3e6d 
  0x00000142165cd1c0: befe 7f00 | 00ff d048 | 83c4 08e9 | 0c00 0000 | 48b8 e03e | 6dbe fe7f | 0000 ffd0 | 4883 c420 
  0x00000142165cd1e0: c57b 10bc | 24c8 0000 | 00c5 7b10 | b424 c000 | 0000 c57b | 10ac 24b8 | 0000 00c5 | 7b10 a424 
  0x00000142165cd200: b000 0000 | c57b 109c | 24a8 0000 | 00c5 7b10 | 9424 a000 | 0000 c57b | 108c 2498 | 0000 00c5 
  0x00000142165cd220: 7b10 8424 | 9000 0000 | c5fb 10bc | 2488 0000 | 00c5 fb10 | b424 8000 | 0000 c5fb | 106c 2478 
  0x00000142165cd240: c5fb 1064 | 2470 c5fb | 105c 2468 | c5fb 1054 | 2460 c5fb | 104c 2458 | c5fb 1044 | 2450 4c8b 
  0x00000142165cd260: 5c24 404c | 8b54 2438 | 4c8b 4c24 | 304c 8b44 | 2428 488b | 7c24 2048 | 8b74 2418 | 488b 5424 
  0x00000142165cd280: 1048 8b4c | 2408 488b | 0424 4881 | c4d0 0000 | 00c5 f877 | 4889 4510 | 4883 ec10 | 4889 0424 
  0x00000142165cd2a0: 48c7 4424 | 0800 0000 | 0041 83bf | d004 0000 | 020f 85bf | 0000 0048 | 81ec 8000 | 0000 4889 
  0x00000142165cd2c0: 4424 7848 | 894c 2470 | 4889 5424 | 6848 895c | 2460 4889 | 6c24 5048 | 8974 2448 | 4889 7c24 
  0x00000142165cd2e0: 404c 8944 | 2438 4c89 | 4c24 304c | 8954 2428 | 4c89 5c24 | 204c 8964 | 2418 4c89 | 6c24 104c 
  0x00000142165cd300: 8974 2408 | 4c89 3c24 | 4c8b e448 | 83ec 2048 | 83e4 f048 | b890 edaf | befe 7f00 | 00ff d049 
  0x00000142165cd320: 8be4 4c8b | 3c24 4c8b | 7424 084c | 8b6c 2410 | 4c8b 6424 | 184c 8b5c | 2420 4c8b | 5424 284c 
  0x00000142165cd340: 8b4c 2430 | 4c8b 4424 | 3848 8b7c | 2440 488b | 7424 4848 | 8b6c 2450 | 488b 5c24 | 6048 8b54 
  0x00000142165cd360: 2468 488b | 4c24 7048 | 8b44 2478 | 4881 c480 | 0000 004d | 33e4 488b | 5de8 4c8b | 6b08 4d8d 
  0x00000142165cd380: 6d38 4983 | 7f08 000f | 84bb 0000 | 00e8 0500 | 0000 e996 | 0000 0048 | 8d44 2408 | 4c89 6dc0 
  0x00000142165cd3a0: 498b cfc5 | f877 4989 | afb0 0300 | 0049 8987 | a003 0000 | 4883 ec20 | 40f6 c40f | 0f84 1900 
  0x00000142165cd3c0: 0000 4883 | ec08 48b8 | 00e9 78be | fe7f 0000 | ffd0 4883 | c408 e90c | 0000 0048 | b800 e978 
  0x00000142165cd3e0: befe 7f00 | 00ff d048 | 83c4 2049 | c787 a003 | 0000 0000 | 0000 49c7 | 87b0 0300 | 0000 0000 
  0x00000142165cd400: 0049 c787 | a803 0000 | 0000 0000 | c5f8 7749 | 837f 0800 | 0f84 0500 | 0000 e9e1 | 3aff ff4c 
  0x00000142165cd420: 8b6d c04c | 8b75 c84e | 8d74 f500 | c348 b9c0 | 18d7 befe | 7f00 0048 | 83e4 f048 | b8c0 949e 
  0x00000142165cd440: befe 7f00 | 00ff d0f4 | 448b 5b28 | 41f6 c320 | 0f84 4401 | 0000 488d | 55a8 4c8b | 5a08 4d85 
  0x00000142165cd460: db0f 85bb | 0000 00e8 | 0500 0000 | e996 0000 | 0048 8d44 | 2408 4c89 | 6dc0 498b | cfc5 f877 
  0x00000142165cd480: 4989 afb0 | 0300 0049 | 8987 a003 | 0000 4883 | ec20 40f6 | c40f 0f84 | 1900 0000 | 4883 ec08 
  0x00000142165cd4a0: 48b8 30e8 | 78be fe7f | 0000 ffd0 | 4883 c408 | e90c 0000 | 0048 b830 | e878 befe | 7f00 00ff 
  0x00000142165cd4c0: d048 83c4 | 2049 c787 | a003 0000 | 0000 0000 | 49c7 87b0 | 0300 0000 | 0000 0049 | c787 a803 
  0x00000142165cd4e0: 0000 0000 | 0000 c5f8 | 7749 837f | 0800 0f84 | 0500 0000 | e907 3aff | ff4c 8b6d | c04c 8b75 
  0x00000142165cd500: c84e 8d74 | f500 c348 | b9c0 18d7 | befe 7f00 | 0048 83e4 | f048 b8c0 | 949e befe | 7f00 00ff 
  0x00000142165cd520: d0f4 4c89 | 6dc0 488d | 024c 8b4a | 0848 c742 | 0800 0000 | 004c 8b00 | 4d85 c00f | 840b 0000 
  0x00000142165cd540: 00f0 4d0f | b101 0f85 | 0c00 0000 | 49ff 8f58 | 0500 00e9 | 3e00 0000 | 4c89 4a08 | 488b ca48 
  0x00000142165cd560: 83ec 2040 | f6c4 0f0f | 8419 0000 | 0048 83ec | 0848 b8c0 | ba78 befe | 7f00 00ff | d048 83c4 
  0x00000142165cd580: 08e9 0c00 | 0000 48b8 | c0ba 78be | fe7f 0000 | ffd0 4883 | c420 4c8b | 6dc0 49ba | 9c30 ffbe 
  0x00000142165cd5a0: fe7f 0000 | 4180 3a00 | 0f84 3e00 | 0000 488b | 55e8 498b | cf48 83ec | 2040 f6c4 | 0f0f 8419 
  0x00000142165cd5c0: 0000 0048 | 83ec 0848 | b840 b5af | befe 7f00 | 00ff d048 | 83c4 08e9 | 0c00 0000 | 48b8 40b5 
  0x00000142165cd5e0: afbe fe7f | 0000 ffd0 | 4883 c420 | 488b 0424 | 4883 c410 | c5fb 1004 | 2448 83c4 | 104c 8b5d 
  0x00000142165cd600: 1841 ffd3 | 4c8b 5df8 | c95f 498b | e3ff e7ba | 0000 0000 | e805 0000 | 00e9 9600 | 0000 488d 
  0x00000142165cd620: 4424 084c | 896d c049 | 8bcf c5f8 | 7749 89af | b003 0000 | 4989 87a0 | 0300 0048 | 83ec 2040 
  0x00000142165cd640: f6c4 0f0f | 8419 0000 | 0048 83ec | 0848 b880 | ae78 befe | 7f00 00ff | d048 83c4 | 08e9 0c00 
  0x00000142165cd660: 0000 48b8 | 80ae 78be | fe7f 0000 | ffd0 4883 | c420 49c7 | 87a0 0300 | 0000 0000 | 0049 c787 
  0x00000142165cd680: b003 0000 | 0000 0000 | 49c7 87a8 | 0300 0000 | 0000 00c5 | f877 4983 | 7f08 000f | 8405 0000 
  0x00000142165cd6a0: 00e9 5a38 | ffff 4c8b | 6dc0 4c8b | 75c8 4e8d | 74f5 00c3 | 488b 5de8 | e95b f6ff | ff66 6690 
[/MachCode]

---------------  P R O C E S S  ---------------

Threads class SMR info:
_java_thread_list=0x0000014268143140, length=11, elements={
0x0000014206d3d6f0, 0x0000014222b80a40, 0x0000014222b83970, 0x0000014222b88560,
0x0000014222b894c0, 0x0000014222bb41d0, 0x0000014222bb73e0, 0x0000014222bbe870,
0x0000014222bbf320, 0x0000014222bb59a0, 0x0000014222bb7a70
}

Java Threads: ( => current thread )
=>0x0000014206d3d6f0 JavaThread "main"                              [_thread_in_vm, id=19856, stack(0x0000001d1f000000,0x0000001d1f100000) (1024K)]
  0x0000014222b80a40 JavaThread "Reference Handler"          daemon [_thread_blocked, id=6940, stack(0x0000001d1f800000,0x0000001d1f900000) (1024K)]
  0x0000014222b83970 JavaThread "Finalizer"                  daemon [_thread_blocked, id=10700, stack(0x0000001d1f900000,0x0000001d1fa00000) (1024K)]
  0x0000014222b88560 JavaThread "Signal Dispatcher"          daemon [_thread_blocked, id=22560, stack(0x0000001d1fa00000,0x0000001d1fb00000) (1024K)]
  0x0000014222b894c0 JavaThread "Attach Listener"            daemon [_thread_blocked, id=13456, stack(0x0000001d1fb00000,0x0000001d1fc00000) (1024K)]
  0x0000014222bb41d0 JavaThread "Service Thread"             daemon [_thread_blocked, id=5280, stack(0x0000001d1fc00000,0x0000001d1fd00000) (1024K)]
  0x0000014222bb73e0 JavaThread "Monitor Deflation Thread"   daemon [_thread_blocked, id=15952, stack(0x0000001d1fd00000,0x0000001d1fe00000) (1024K)]
  0x0000014222bbe870 JavaThread "C2 CompilerThread0"         daemon [_thread_blocked, id=13172, stack(0x0000001d1fe00000,0x0000001d1ff00000) (1024K)]
  0x0000014222bbf320 JavaThread "C1 CompilerThread0"         daemon [_thread_blocked, id=10268, stack(0x0000001d1ff00000,0x0000001d20000000) (1024K)]
  0x0000014222bb59a0 JavaThread "Common-Cleaner"             daemon [_thread_blocked, id=20500, stack(0x0000001d20000000,0x0000001d20100000) (1024K)]
  0x0000014222bb7a70 JavaThread "Notification Thread"        daemon [_thread_blocked, id=10548, stack(0x0000001d20100000,0x0000001d20200000) (1024K)]
Total: 11

Other Threads:
  0x0000014222b671b0 VMThread "VM Thread"                           [id=7400, stack(0x0000001d1f700000,0x0000001d1f800000) (1024K)]
  0x0000014222b50d30 WatcherThread "VM Periodic Task Thread"        [id=18796, stack(0x0000001d1f600000,0x0000001d1f700000) (1024K)]
  0x0000014206d82e30 WorkerThread "GC Thread#0"                     [id=11008, stack(0x0000001d1f100000,0x0000001d1f200000) (1024K)]
  0x0000014206d912d0 ConcurrentGCThread "G1 Main Marker"            [id=1292, stack(0x0000001d1f200000,0x0000001d1f300000) (1024K)]
  0x0000014206d91ea0 WorkerThread "G1 Conc#0"                       [id=17120, stack(0x0000001d1f300000,0x0000001d1f400000) (1024K)]
  0x0000014206e0d7c0 ConcurrentGCThread "G1 Refine#0"               [id=19760, stack(0x0000001d1f400000,0x0000001d1f500000) (1024K)]
  0x0000014206e0e250 ConcurrentGCThread "G1 Service"                [id=19416, stack(0x0000001d1f500000,0x0000001d1f600000) (1024K)]
Total: 7

Threads with active compile tasks:
Total: 0

VM state: not at safepoint (normal execution)

VM Mutex/Monitor currently owned by a thread:  ([mutex/lock_event])
[0x00007ffebf019b38] Metaspace_lock - owner thread: 0x0000014206d3d6f0

Heap address: 0x00000000a1400000, size: 1516 MB, Compressed Oops mode: 32-bit

CDS archive(s) mapped at: [0x0000014223000000-0x0000014223c60000-0x0000014223c60000), size 12976128, SharedBaseAddress: 0x0000014223000000, ArchiveRelocationMode: 1.
Compressed class space mapped at: 0x0000014224000000-0x0000014264000000, reserved size: 1073741824
Narrow klass base: 0x0000014223000000, Narrow klass shift: 0, Narrow klass range: 0x41000000

GC Precious Log:
 CardTable entry size: 512
 Card Set container configuration: InlinePtr #cards 5 size 8 Array Of Cards #cards 12 size 40 Howl #buckets 4 coarsen threshold 1843 Howl Bitmap #cards 512 size 80 coarsen threshold 460 Card regions per heap region 1 cards per card region 2048
 CPUs: 8 total, 8 available
 Memory: 6058M
 Large Page Support: Disabled
 NUMA Support: Disabled
 Compressed Oops: Enabled (32-bit)
 Heap Region Size: 1M
 Heap Min Capacity: 8M
 Heap Initial Capacity: 96M
 Heap Max Capacity: 1516M
 Pre-touch: Disabled
 Parallel Workers: 8
 Concurrent Workers: 2
 Concurrent Refinement Workers: 8
 Periodic GC: Disabled

Heap:
 garbage-first heap   total reserved 1552384K, committed 98304K, used 3072K [0x00000000a1400000, 0x0000000100000000)
  region size 1024K, 4 young (4096K), 0 survivors (0K)
 Metaspace       used 2471K, committed 2624K, reserved 1114112K
  class space    used 241K, committed 320K, reserved 1048576K

Heap Regions: E=young(eden), S=young(survivor), O=old, HS=humongous(starts), HC=humongous(continues), CS=collection set, F=free, TAMS=top-at-mark-start, PB=parsable bottom
|   0|0x00000000a1400000, 0x00000000a1400000, 0x00000000a1500000|  0%| F|  |TAMS 0x00000000a1400000| PB 0x00000000a1400000| Untracked |  0
|   1|0x00000000a1500000, 0x00000000a1500000, 0x00000000a1600000|  0%| F|  |TAMS 0x00000000a1500000| PB 0x00000000a1500000| Untracked |  0
|   2|0x00000000a1600000, 0x00000000a1600000, 0x00000000a1700000|  0%| F|  |TAMS 0x00000000a1600000| PB 0x00000000a1600000| Untracked |  0
|   3|0x00000000a1700000, 0x00000000a1700000, 0x00000000a1800000|  0%| F|  |TAMS 0x00000000a1700000| PB 0x00000000a1700000| Untracked |  0
|   4|0x00000000a1800000, 0x00000000a1800000, 0x00000000a1900000|  0%| F|  |TAMS 0x00000000a1800000| PB 0x00000000a1800000| Untracked |  0
|   5|0x00000000a1900000, 0x00000000a1900000, 0x00000000a1a00000|  0%| F|  |TAMS 0x00000000a1900000| PB 0x00000000a1900000| Untracked |  0
|   6|0x00000000a1a00000, 0x00000000a1a00000, 0x00000000a1b00000|  0%| F|  |TAMS 0x00000000a1a00000| PB 0x00000000a1a00000| Untracked |  0
|   7|0x00000000a1b00000, 0x00000000a1b00000, 0x00000000a1c00000|  0%| F|  |TAMS 0x00000000a1b00000| PB 0x00000000a1b00000| Untracked |  0
|   8|0x00000000a1c00000, 0x00000000a1c00000, 0x00000000a1d00000|  0%| F|  |TAMS 0x00000000a1c00000| PB 0x00000000a1c00000| Untracked |  0
|   9|0x00000000a1d00000, 0x00000000a1d00000, 0x00000000a1e00000|  0%| F|  |TAMS 0x00000000a1d00000| PB 0x00000000a1d00000| Untracked |  0
|  10|0x00000000a1e00000, 0x00000000a1e00000, 0x00000000a1f00000|  0%| F|  |TAMS 0x00000000a1e00000| PB 0x00000000a1e00000| Untracked |  0
|  11|0x00000000a1f00000, 0x00000000a1f00000, 0x00000000a2000000|  0%| F|  |TAMS 0x00000000a1f00000| PB 0x00000000a1f00000| Untracked |  0
|  12|0x00000000a2000000, 0x00000000a2000000, 0x00000000a2100000|  0%| F|  |TAMS 0x00000000a2000000| PB 0x00000000a2000000| Untracked |  0
|  13|0x00000000a2100000, 0x00000000a2100000, 0x00000000a2200000|  0%| F|  |TAMS 0x00000000a2100000| PB 0x00000000a2100000| Untracked |  0
|  14|0x00000000a2200000, 0x00000000a2200000, 0x00000000a2300000|  0%| F|  |TAMS 0x00000000a2200000| PB 0x00000000a2200000| Untracked |  0
|  15|0x00000000a2300000, 0x00000000a2300000, 0x00000000a2400000|  0%| F|  |TAMS 0x00000000a2300000| PB 0x00000000a2300000| Untracked |  0
|  16|0x00000000a2400000, 0x00000000a2400000, 0x00000000a2500000|  0%| F|  |TAMS 0x00000000a2400000| PB 0x00000000a2400000| Untracked |  0
|  17|0x00000000a2500000, 0x00000000a2500000, 0x00000000a2600000|  0%| F|  |TAMS 0x00000000a2500000| PB 0x00000000a2500000| Untracked |  0
|  18|0x00000000a2600000, 0x00000000a2600000, 0x00000000a2700000|  0%| F|  |TAMS 0x00000000a2600000| PB 0x00000000a2600000| Untracked |  0
|  19|0x00000000a2700000, 0x00000000a2700000, 0x00000000a2800000|  0%| F|  |TAMS 0x00000000a2700000| PB 0x00000000a2700000| Untracked |  0
|  20|0x00000000a2800000, 0x00000000a2800000, 0x00000000a2900000|  0%| F|  |TAMS 0x00000000a2800000| PB 0x00000000a2800000| Untracked |  0
|  21|0x00000000a2900000, 0x00000000a2900000, 0x00000000a2a00000|  0%| F|  |TAMS 0x00000000a2900000| PB 0x00000000a2900000| Untracked |  0
|  22|0x00000000a2a00000, 0x00000000a2a00000, 0x00000000a2b00000|  0%| F|  |TAMS 0x00000000a2a00000| PB 0x00000000a2a00000| Untracked |  0
|  23|0x00000000a2b00000, 0x00000000a2b00000, 0x00000000a2c00000|  0%| F|  |TAMS 0x00000000a2b00000| PB 0x00000000a2b00000| Untracked |  0
|  24|0x00000000a2c00000, 0x00000000a2c00000, 0x00000000a2d00000|  0%| F|  |TAMS 0x00000000a2c00000| PB 0x00000000a2c00000| Untracked |  0
|  25|0x00000000a2d00000, 0x00000000a2d00000, 0x00000000a2e00000|  0%| F|  |TAMS 0x00000000a2d00000| PB 0x00000000a2d00000| Untracked |  0
|  26|0x00000000a2e00000, 0x00000000a2e00000, 0x00000000a2f00000|  0%| F|  |TAMS 0x00000000a2e00000| PB 0x00000000a2e00000| Untracked |  0
|  27|0x00000000a2f00000, 0x00000000a2f00000, 0x00000000a3000000|  0%| F|  |TAMS 0x00000000a2f00000| PB 0x00000000a2f00000| Untracked |  0
|  28|0x00000000a3000000, 0x00000000a3000000, 0x00000000a3100000|  0%| F|  |TAMS 0x00000000a3000000| PB 0x00000000a3000000| Untracked |  0
|  29|0x00000000a3100000, 0x00000000a3100000, 0x00000000a3200000|  0%| F|  |TAMS 0x00000000a3100000| PB 0x00000000a3100000| Untracked |  0
|  30|0x00000000a3200000, 0x00000000a3200000, 0x00000000a3300000|  0%| F|  |TAMS 0x00000000a3200000| PB 0x00000000a3200000| Untracked |  0
|  31|0x00000000a3300000, 0x00000000a3300000, 0x00000000a3400000|  0%| F|  |TAMS 0x00000000a3300000| PB 0x00000000a3300000| Untracked |  0
|  32|0x00000000a3400000, 0x00000000a3400000, 0x00000000a3500000|  0%| F|  |TAMS 0x00000000a3400000| PB 0x00000000a3400000| Untracked |  0
|  33|0x00000000a3500000, 0x00000000a3500000, 0x00000000a3600000|  0%| F|  |TAMS 0x00000000a3500000| PB 0x00000000a3500000| Untracked |  0
|  34|0x00000000a3600000, 0x00000000a3600000, 0x00000000a3700000|  0%| F|  |TAMS 0x00000000a3600000| PB 0x00000000a3600000| Untracked |  0
|  35|0x00000000a3700000, 0x00000000a3700000, 0x00000000a3800000|  0%| F|  |TAMS 0x00000000a3700000| PB 0x00000000a3700000| Untracked |  0
|  36|0x00000000a3800000, 0x00000000a3800000, 0x00000000a3900000|  0%| F|  |TAMS 0x00000000a3800000| PB 0x00000000a3800000| Untracked |  0
|  37|0x00000000a3900000, 0x00000000a3900000, 0x00000000a3a00000|  0%| F|  |TAMS 0x00000000a3900000| PB 0x00000000a3900000| Untracked |  0
|  38|0x00000000a3a00000, 0x00000000a3a00000, 0x00000000a3b00000|  0%| F|  |TAMS 0x00000000a3a00000| PB 0x00000000a3a00000| Untracked |  0
|  39|0x00000000a3b00000, 0x00000000a3b00000, 0x00000000a3c00000|  0%| F|  |TAMS 0x00000000a3b00000| PB 0x00000000a3b00000| Untracked |  0
|  40|0x00000000a3c00000, 0x00000000a3c00000, 0x00000000a3d00000|  0%| F|  |TAMS 0x00000000a3c00000| PB 0x00000000a3c00000| Untracked |  0
|  41|0x00000000a3d00000, 0x00000000a3d00000, 0x00000000a3e00000|  0%| F|  |TAMS 0x00000000a3d00000| PB 0x00000000a3d00000| Untracked |  0
|  42|0x00000000a3e00000, 0x00000000a3e00000, 0x00000000a3f00000|  0%| F|  |TAMS 0x00000000a3e00000| PB 0x00000000a3e00000| Untracked |  0
|  43|0x00000000a3f00000, 0x00000000a3f00000, 0x00000000a4000000|  0%| F|  |TAMS 0x00000000a3f00000| PB 0x00000000a3f00000| Untracked |  0
|  44|0x00000000a4000000, 0x00000000a4000000, 0x00000000a4100000|  0%| F|  |TAMS 0x00000000a4000000| PB 0x00000000a4000000| Untracked |  0
|  45|0x00000000a4100000, 0x00000000a4100000, 0x00000000a4200000|  0%| F|  |TAMS 0x00000000a4100000| PB 0x00000000a4100000| Untracked |  0
|  46|0x00000000a4200000, 0x00000000a4200000, 0x00000000a4300000|  0%| F|  |TAMS 0x00000000a4200000| PB 0x00000000a4200000| Untracked |  0
|  47|0x00000000a4300000, 0x00000000a4300000, 0x00000000a4400000|  0%| F|  |TAMS 0x00000000a4300000| PB 0x00000000a4300000| Untracked |  0
|  48|0x00000000a4400000, 0x00000000a4400000, 0x00000000a4500000|  0%| F|  |TAMS 0x00000000a4400000| PB 0x00000000a4400000| Untracked |  0
|  49|0x00000000a4500000, 0x00000000a4500000, 0x00000000a4600000|  0%| F|  |TAMS 0x00000000a4500000| PB 0x00000000a4500000| Untracked |  0
|  50|0x00000000a4600000, 0x00000000a4600000, 0x00000000a4700000|  0%| F|  |TAMS 0x00000000a4600000| PB 0x00000000a4600000| Untracked |  0
|  51|0x00000000a4700000, 0x00000000a4700000, 0x00000000a4800000|  0%| F|  |TAMS 0x00000000a4700000| PB 0x00000000a4700000| Untracked |  0
|  52|0x00000000a4800000, 0x00000000a4800000, 0x00000000a4900000|  0%| F|  |TAMS 0x00000000a4800000| PB 0x00000000a4800000| Untracked |  0
|  53|0x00000000a4900000, 0x00000000a4900000, 0x00000000a4a00000|  0%| F|  |TAMS 0x00000000a4900000| PB 0x00000000a4900000| Untracked |  0
|  54|0x00000000a4a00000, 0x00000000a4a00000, 0x00000000a4b00000|  0%| F|  |TAMS 0x00000000a4a00000| PB 0x00000000a4a00000| Untracked |  0
|  55|0x00000000a4b00000, 0x00000000a4b00000, 0x00000000a4c00000|  0%| F|  |TAMS 0x00000000a4b00000| PB 0x00000000a4b00000| Untracked |  0
|  56|0x00000000a4c00000, 0x00000000a4c00000, 0x00000000a4d00000|  0%| F|  |TAMS 0x00000000a4c00000| PB 0x00000000a4c00000| Untracked |  0
|  57|0x00000000a4d00000, 0x00000000a4d00000, 0x00000000a4e00000|  0%| F|  |TAMS 0x00000000a4d00000| PB 0x00000000a4d00000| Untracked |  0
|  58|0x00000000a4e00000, 0x00000000a4e00000, 0x00000000a4f00000|  0%| F|  |TAMS 0x00000000a4e00000| PB 0x00000000a4e00000| Untracked |  0
|  59|0x00000000a4f00000, 0x00000000a4f00000, 0x00000000a5000000|  0%| F|  |TAMS 0x00000000a4f00000| PB 0x00000000a4f00000| Untracked |  0
|  60|0x00000000a5000000, 0x00000000a5000000, 0x00000000a5100000|  0%| F|  |TAMS 0x00000000a5000000| PB 0x00000000a5000000| Untracked |  0
|  61|0x00000000a5100000, 0x00000000a5100000, 0x00000000a5200000|  0%| F|  |TAMS 0x00000000a5100000| PB 0x00000000a5100000| Untracked |  0
|  62|0x00000000a5200000, 0x00000000a5200000, 0x00000000a5300000|  0%| F|  |TAMS 0x00000000a5200000| PB 0x00000000a5200000| Untracked |  0
|  63|0x00000000a5300000, 0x00000000a5300000, 0x00000000a5400000|  0%| F|  |TAMS 0x00000000a5300000| PB 0x00000000a5300000| Untracked |  0
|  64|0x00000000a5400000, 0x00000000a5400000, 0x00000000a5500000|  0%| F|  |TAMS 0x00000000a5400000| PB 0x00000000a5400000| Untracked |  0
|  65|0x00000000a5500000, 0x00000000a5500000, 0x00000000a5600000|  0%| F|  |TAMS 0x00000000a5500000| PB 0x00000000a5500000| Untracked |  0
|  66|0x00000000a5600000, 0x00000000a5600000, 0x00000000a5700000|  0%| F|  |TAMS 0x00000000a5600000| PB 0x00000000a5600000| Untracked |  0
|  67|0x00000000a5700000, 0x00000000a5700000, 0x00000000a5800000|  0%| F|  |TAMS 0x00000000a5700000| PB 0x00000000a5700000| Untracked |  0
|  68|0x00000000a5800000, 0x00000000a5800000, 0x00000000a5900000|  0%| F|  |TAMS 0x00000000a5800000| PB 0x00000000a5800000| Untracked |  0
|  69|0x00000000a5900000, 0x00000000a5900000, 0x00000000a5a00000|  0%| F|  |TAMS 0x00000000a5900000| PB 0x00000000a5900000| Untracked |  0
|  70|0x00000000a5a00000, 0x00000000a5a00000, 0x00000000a5b00000|  0%| F|  |TAMS 0x00000000a5a00000| PB 0x00000000a5a00000| Untracked |  0
|  71|0x00000000a5b00000, 0x00000000a5b00000, 0x00000000a5c00000|  0%| F|  |TAMS 0x00000000a5b00000| PB 0x00000000a5b00000| Untracked |  0
|  72|0x00000000a5c00000, 0x00000000a5c00000, 0x00000000a5d00000|  0%| F|  |TAMS 0x00000000a5c00000| PB 0x00000000a5c00000| Untracked |  0
|  73|0x00000000a5d00000, 0x00000000a5d00000, 0x00000000a5e00000|  0%| F|  |TAMS 0x00000000a5d00000| PB 0x00000000a5d00000| Untracked |  0
|  74|0x00000000a5e00000, 0x00000000a5e00000, 0x00000000a5f00000|  0%| F|  |TAMS 0x00000000a5e00000| PB 0x00000000a5e00000| Untracked |  0
|  75|0x00000000a5f00000, 0x00000000a5f00000, 0x00000000a6000000|  0%| F|  |TAMS 0x00000000a5f00000| PB 0x00000000a5f00000| Untracked |  0
|  76|0x00000000a6000000, 0x00000000a6000000, 0x00000000a6100000|  0%| F|  |TAMS 0x00000000a6000000| PB 0x00000000a6000000| Untracked |  0
|  77|0x00000000a6100000, 0x00000000a6100000, 0x00000000a6200000|  0%| F|  |TAMS 0x00000000a6100000| PB 0x00000000a6100000| Untracked |  0
|  78|0x00000000a6200000, 0x00000000a6200000, 0x00000000a6300000|  0%| F|  |TAMS 0x00000000a6200000| PB 0x00000000a6200000| Untracked |  0
|  79|0x00000000a6300000, 0x00000000a6300000, 0x00000000a6400000|  0%| F|  |TAMS 0x00000000a6300000| PB 0x00000000a6300000| Untracked |  0
|  80|0x00000000a6400000, 0x00000000a6400000, 0x00000000a6500000|  0%| F|  |TAMS 0x00000000a6400000| PB 0x00000000a6400000| Untracked |  0
|  81|0x00000000a6500000, 0x00000000a6500000, 0x00000000a6600000|  0%| F|  |TAMS 0x00000000a6500000| PB 0x00000000a6500000| Untracked |  0
|  82|0x00000000a6600000, 0x00000000a6600000, 0x00000000a6700000|  0%| F|  |TAMS 0x00000000a6600000| PB 0x00000000a6600000| Untracked |  0
|  83|0x00000000a6700000, 0x00000000a6700000, 0x00000000a6800000|  0%| F|  |TAMS 0x00000000a6700000| PB 0x00000000a6700000| Untracked |  0
|  84|0x00000000a6800000, 0x00000000a6800000, 0x00000000a6900000|  0%| F|  |TAMS 0x00000000a6800000| PB 0x00000000a6800000| Untracked |  0
|  85|0x00000000a6900000, 0x00000000a6900000, 0x00000000a6a00000|  0%| F|  |TAMS 0x00000000a6900000| PB 0x00000000a6900000| Untracked |  0
|  86|0x00000000a6a00000, 0x00000000a6a00000, 0x00000000a6b00000|  0%| F|  |TAMS 0x00000000a6a00000| PB 0x00000000a6a00000| Untracked |  0
|  87|0x00000000a6b00000, 0x00000000a6b00000, 0x00000000a6c00000|  0%| F|  |TAMS 0x00000000a6b00000| PB 0x00000000a6b00000| Untracked |  0
|  88|0x00000000a6c00000, 0x00000000a6c00000, 0x00000000a6d00000|  0%| F|  |TAMS 0x00000000a6c00000| PB 0x00000000a6c00000| Untracked |  0
|  89|0x00000000a6d00000, 0x00000000a6d00000, 0x00000000a6e00000|  0%| F|  |TAMS 0x00000000a6d00000| PB 0x00000000a6d00000| Untracked |  0
|  90|0x00000000a6e00000, 0x00000000a6e00000, 0x00000000a6f00000|  0%| F|  |TAMS 0x00000000a6e00000| PB 0x00000000a6e00000| Untracked |  0
|  91|0x00000000a6f00000, 0x00000000a6f00000, 0x00000000a7000000|  0%| F|  |TAMS 0x00000000a6f00000| PB 0x00000000a6f00000| Untracked |  0
|  92|0x00000000a7000000, 0x00000000a707b220, 0x00000000a7100000| 48%| E|  |TAMS 0x00000000a7000000| PB 0x00000000a7000000| Complete |  0
|  93|0x00000000a7100000, 0x00000000a7200000, 0x00000000a7200000|100%| E|CS|TAMS 0x00000000a7100000| PB 0x00000000a7100000| Complete |  0
|  94|0x00000000a7200000, 0x00000000a7300000, 0x00000000a7300000|100%| E|CS|TAMS 0x00000000a7200000| PB 0x00000000a7200000| Complete |  0
|  95|0x00000000a7300000, 0x00000000a7400000, 0x00000000a7400000|100%| E|CS|TAMS 0x00000000a7300000| PB 0x00000000a7300000| Complete |  0

Card table byte_map: [0x000001421e6c0000,0x000001421e9c0000] _byte_map_base: 0x000001421e1b6000

Marking Bits: (CMBitMap*) 0x0000014206d84c70
 Bits: [0x000001421e9c0000, 0x0000014220170000)

Polling page: 0x0000014204ca0000

Metaspace:

Usage:
  Non-class:      2.18 MB used.
      Class:    241.21 KB used.
       Both:      2.41 MB used.

Virtual space:
  Non-class space:       64.00 MB reserved,       2.25 MB (  4%) committed,  1 nodes.
      Class space:        1.00 GB reserved,     320.00 KB ( <1%) committed,  1 nodes.
             Both:        1.06 GB reserved,       2.56 MB ( <1%) committed. 

Chunk freelists:
   Non-Class:  11.92 MB
       Class:  15.70 MB
        Both:  27.62 MB

MaxMetaspaceSize: unlimited
CompressedClassSpaceSize: 1.00 GB
Initial GC threshold: 21.00 MB
Current GC threshold: 21.00 MB
CDS: on
 - commit_granule_bytes: 65536.
 - commit_granule_words: 8192.
 - virtual_space_node_default_size: 8388608.
 - enlarge_chunks_in_place: 1.
 - use_allocation_guard: 0.


Internal statistics:

num_allocs_failed_limit: 0.
num_arena_births: 90.
num_arena_deaths: 0.
num_vsnodes_births: 2.
num_vsnodes_deaths: 0.
num_space_committed: 41.
num_space_uncommitted: 0.
num_chunks_returned_to_freelist: 0.
num_chunks_taken_from_freelist: 108.
num_chunk_merges: 0.
num_chunk_splits: 64.
num_chunks_enlarged: 22.
num_inconsistent_stats: 0.

CodeHeap 'non-profiled nmethods': size=120000Kb used=135Kb max_used=135Kb free=119865Kb
 bounds [0x0000014216b60000, 0x0000014216dd0000, 0x000001421e090000]
CodeHeap 'profiled nmethods': size=120000Kb used=465Kb max_used=465Kb free=119534Kb
 bounds [0x000001420f090000, 0x000001420f300000, 0x00000142165c0000]
CodeHeap 'non-nmethods': size=5760Kb used=1383Kb max_used=1383Kb free=4376Kb
 bounds [0x00000142165c0000, 0x0000014216830000, 0x0000014216b60000]
 total_blobs=870 nmethods=389 adapters=386
 compilation: enabled
              stopped_count=0, restarted_count=0
 full_count=0

Compilation events (20 events):
Event: 0.197 Thread 0x0000014222bbf320 nmethod 375 0x000001420f0fbd10 code [0x000001420f0fbec0, 0x000001420f0fc110]
Event: 0.197 Thread 0x0000014222bbf320  376       3       java.lang.invoke.InvokerBytecodeGenerator::getInternalName (103 bytes)
Event: 0.198 Thread 0x0000014222bbf320 nmethod 376 0x000001420f0fc210 code [0x000001420f0fc420, 0x000001420f0fc938]
Event: 0.198 Thread 0x0000014222bbf320  377       3       jdk.internal.org.objectweb.asm.ByteVector::putByteArray (49 bytes)
Event: 0.198 Thread 0x0000014222bbf320 nmethod 377 0x000001420f0fca90 code [0x000001420f0fcc40, 0x000001420f0fcf08]
Event: 0.198 Thread 0x0000014222bbf320  378       3       java.lang.invoke.LambdaForm::uncustomize (57 bytes)
Event: 0.199 Thread 0x0000014222bbf320 nmethod 378 0x000001420f0fd010 code [0x000001420f0fd1c0, 0x000001420f0fd4b0]
Event: 0.199 Thread 0x0000014222bbf320  379       3       java.lang.invoke.InvokerBytecodeGenerator::emitImplicitConversion (161 bytes)
Event: 0.200 Thread 0x0000014222bbf320 nmethod 379 0x000001420f0fd590 code [0x000001420f0fd8c0, 0x000001420f0fe6a0]
Event: 0.200 Thread 0x0000014222bbf320  380       3       jdk.internal.org.objectweb.asm.SymbolTable::addConstantNameAndType (137 bytes)
Event: 0.201 Thread 0x0000014222bbf320 nmethod 380 0x000001420f0feb90 code [0x000001420f0fede0, 0x000001420f0ff4e0]
Event: 0.201 Thread 0x0000014222bbf320  382       3       jdk.internal.org.objectweb.asm.Frame::pop (42 bytes)
Event: 0.201 Thread 0x0000014222bbf320 nmethod 382 0x000001420f0ff910 code [0x000001420f0ffac0, 0x000001420f0ffc70]
Event: 0.201 Thread 0x0000014222bbf320  385       3       jdk.internal.org.objectweb.asm.Frame::getAbstractTypeFromDescriptor (415 bytes)
Event: 0.203 Thread 0x0000014222bbf320 nmethod 385 0x000001420f0ffd90 code [0x000001420f100140, 0x000001420f101bc0]
Event: 0.203 Thread 0x0000014222bbf320  381       3       jdk.internal.org.objectweb.asm.SymbolTable::hash (15 bytes)
Event: 0.203 Thread 0x0000014222bbf320 nmethod 381 0x000001420f102490 code [0x000001420f102640, 0x000001420f1027c0]
Event: 0.203 Thread 0x0000014222bbf320  386       3       jdk.internal.org.objectweb.asm.ByteVector::putInt (74 bytes)
Event: 0.203 Thread 0x0000014222bbf320 nmethod 386 0x000001420f102910 code [0x000001420f102ac0, 0x000001420f102d10]
Event: 0.203 Thread 0x0000014222bbf320  388       3       java.lang.invoke.MethodType::insertParameterTypes (121 bytes)

GC Heap History (0 events):
No events

Dll operation events (7 events):
Event: 0.011 Loaded shared library C:\Program Files\Java\jdk-22\bin\java.dll
Event: 0.048 Loaded shared library C:\Program Files\Java\jdk-22\bin\jsvml.dll
Event: 0.083 Loaded shared library C:\Program Files\Java\jdk-22\bin\net.dll
Event: 0.085 Loaded shared library C:\Program Files\Java\jdk-22\bin\nio.dll
Event: 0.106 Loaded shared library C:\Program Files\Java\jdk-22\bin\zip.dll
Event: 0.121 Loaded shared library C:\Program Files\Java\jdk-22\bin\jimage.dll
Event: 0.138 Loaded shared library C:\Program Files\Java\jdk-22\bin\awt.dll

Deoptimization events (0 events):
No events

Classes loaded (20 events):
Event: 0.203 Loading class sun/java2d/loops/RenderCache done
Event: 0.203 Loading class sun/java2d/loops/RenderCache$Entry
Event: 0.203 Loading class sun/java2d/loops/RenderCache$Entry done
Event: 0.203 Loading class sun/awt/image/SunVolatileImage
Event: 0.203 Loading class sun/java2d/DestSurfaceProvider
Event: 0.203 Loading class sun/java2d/DestSurfaceProvider done
Event: 0.203 Loading class java/awt/image/VolatileImage
Event: 0.203 Loading class java/awt/Image
Event: 0.203 Loading class java/awt/Image done
Event: 0.203 Loading class java/awt/image/VolatileImage done
Event: 0.203 Loading class sun/awt/image/SunVolatileImage done
Event: 0.203 Loading class java/awt/ImageCapabilities
Event: 0.203 Loading class java/awt/ImageCapabilities done
Event: 0.204 Loading class java/awt/Image$1
Event: 0.204 Loading class sun/awt/image/SurfaceManager$ImageAccessor
Event: 0.204 Loading class sun/awt/image/SurfaceManager$ImageAccessor done
Event: 0.204 Loading class java/awt/Image$1 done
Event: 0.204 Loading class sun/awt/image/SurfaceManager
Event: 0.204 Loading class sun/awt/image/SurfaceManager done
Event: 0.204 Loading class sun/awt/image/VolatileSurfaceManager

Classes unloaded (0 events):
No events

Classes redefined (0 events):
No events

Internal exceptions (6 events):
Event: 0.086 Thread 0x0000014206d3d6f0 Exception <a 'sun/nio/fs/WindowsException'{0x00000000a72bc8b0}> (0x00000000a72bc8b0) 
thrown [s\open\src\hotspot\share\prims\jni.cpp, line 520]
Event: 0.088 Thread 0x0000014206d3d6f0 Exception <a 'sun/nio/fs/WindowsException'{0x00000000a72bee10}> (0x00000000a72bee10) 
thrown [s\open\src\hotspot\share\prims\jni.cpp, line 520]
Event: 0.088 Thread 0x0000014206d3d6f0 Exception <a 'sun/nio/fs/WindowsException'{0x00000000a72bf8e8}> (0x00000000a72bf8e8) 
thrown [s\open\src\hotspot\share\prims\jni.cpp, line 520]
Event: 0.127 Thread 0x0000014206d3d6f0 Exception <a 'java/lang/ClassNotFoundException'{0x00000000a7190858}: sun/awt/resources/spi/awtProvider> (0x00000000a7190858) 
thrown [s\open\src\hotspot\share\classfile\systemDictionary.cpp, line 313]
Event: 0.153 Thread 0x0000014206d3d6f0 Exception <a 'java/io/FileNotFoundException'{0x00000000a71e4468}> (0x00000000a71e4468) 
thrown [s\open\src\hotspot\share\prims\jni.cpp, line 520]
Event: 0.160 Thread 0x0000014206d3d6f0 Exception <a 'java/io/FileNotFoundException'{0x00000000a70131f0}> (0x00000000a70131f0) 
thrown [s\open\src\hotspot\share\prims\jni.cpp, line 520]

ZGC Phase Switch (0 events):
No events

VM Operations (4 events):
Event: 0.089 Executing VM operation: HandshakeAllThreads (Deoptimize)
Event: 0.089 Executing VM operation: HandshakeAllThreads (Deoptimize) done
Event: 0.168 Executing VM operation: HandshakeAllThreads (Deoptimize)
Event: 0.168 Executing VM operation: HandshakeAllThreads (Deoptimize) done

Events (11 events):
Event: 0.030 Thread 0x0000014206d3d6f0 Thread added: 0x0000014206d3d6f0
Event: 0.045 Thread 0x0000014222b80a40 Thread added: 0x0000014222b80a40
Event: 0.045 Thread 0x0000014222b83970 Thread added: 0x0000014222b83970
Event: 0.045 Thread 0x0000014222b88560 Thread added: 0x0000014222b88560
Event: 0.045 Thread 0x0000014222b894c0 Thread added: 0x0000014222b894c0
Event: 0.046 Thread 0x0000014222bb41d0 Thread added: 0x0000014222bb41d0
Event: 0.046 Thread 0x0000014222bb73e0 Thread added: 0x0000014222bb73e0
Event: 0.046 Thread 0x0000014222bbe870 Thread added: 0x0000014222bbe870
Event: 0.046 Thread 0x0000014222bbf320 Thread added: 0x0000014222bbf320
Event: 0.072 Thread 0x0000014222bb59a0 Thread added: 0x0000014222bb59a0
Event: 0.102 Thread 0x0000014222bb7a70 Thread added: 0x0000014222bb7a70


Dynamic libraries:
0x00007ff684020000 - 0x00007ff684030000 	C:\Program Files\Java\jdk-22\bin\java.exe
0x00007ffeea2b0000 - 0x00007ffeea4a8000 	C:\Windows\SYSTEM32\ntdll.dll
0x00007ffee8620000 - 0x00007ffee86e1000 	C:\Windows\System32\KERNEL32.DLL
0x00007ffee7b00000 - 0x00007ffee7dfd000 	C:\Windows\System32\KERNELBASE.dll
0x00007ffee7960000 - 0x00007ffee7a60000 	C:\Windows\System32\ucrtbase.dll
0x00007ffee22f0000 - 0x00007ffee230b000 	C:\Program Files\Java\jdk-22\bin\VCRUNTIME140.dll
0x00007ffeddfc0000 - 0x00007ffeddfd7000 	C:\Program Files\Java\jdk-22\bin\jli.dll
0x00007ffee82e0000 - 0x00007ffee8390000 	C:\Windows\System32\ADVAPI32.dll
0x00007ffee9f50000 - 0x00007ffee9fee000 	C:\Windows\System32\msvcrt.dll
0x00007ffee8e80000 - 0x00007ffee8f20000 	C:\Windows\System32\sechost.dll
0x00007ffee8430000 - 0x00007ffee8553000 	C:\Windows\System32\RPCRT4.dll
0x00007ffee7ad0000 - 0x00007ffee7af7000 	C:\Windows\System32\bcrypt.dll
0x00007ffee9020000 - 0x00007ffee91bd000 	C:\Windows\System32\USER32.dll
0x00007ffed1140000 - 0x00007ffed13da000 	C:\Windows\WinSxS\amd64_microsoft.windows.common-controls_6595b64144ccf1df_6.0.19041.4355_none_60b8b9eb71f62e16\COMCTL32.dll
0x00007ffee8110000 - 0x00007ffee8132000 	C:\Windows\System32\win32u.dll
0x00007ffee8d70000 - 0x00007ffee8d9b000 	C:\Windows\System32\GDI32.dll
0x00007ffee7e00000 - 0x00007ffee7f17000 	C:\Windows\System32\gdi32full.dll
0x00007ffee81f0000 - 0x00007ffee828d000 	C:\Windows\System32\msvcp_win.dll
0x00007ffedc970000 - 0x00007ffedc97a000 	C:\Windows\SYSTEM32\VERSION.dll
0x00007ffee8810000 - 0x00007ffee883f000 	C:\Windows\System32\IMM32.DLL
0x00007ffee2d10000 - 0x00007ffee2d1c000 	C:\Program Files\Java\jdk-22\bin\vcruntime140_1.dll
0x00007ffedc1a0000 - 0x00007ffedc22e000 	C:\Program Files\Java\jdk-22\bin\msvcp140.dll
0x00007ffebe3b0000 - 0x00007ffebf0f7000 	C:\Program Files\Java\jdk-22\bin\server\jvm.dll
0x00007ffee9da0000 - 0x00007ffee9e0b000 	C:\Windows\System32\WS2_32.dll
0x00007ffee77b0000 - 0x00007ffee77fb000 	C:\Windows\SYSTEM32\POWRPROF.dll
0x00007ffedb3a0000 - 0x00007ffedb3c7000 	C:\Windows\SYSTEM32\WINMM.dll
0x00007ffee7790000 - 0x00007ffee77a2000 	C:\Windows\SYSTEM32\UMPDC.dll
0x00007ffee57e0000 - 0x00007ffee57f2000 	C:\Windows\SYSTEM32\kernel.appcore.dll
0x00007ffee2110000 - 0x00007ffee211a000 	C:\Program Files\Java\jdk-22\bin\jimage.dll
0x00007ffedeb40000 - 0x00007ffeded24000 	C:\Windows\SYSTEM32\DBGHELP.DLL
0x00007ffede780000 - 0x00007ffede7b4000 	C:\Windows\SYSTEM32\dbgcore.DLL
0x00007ffee7f20000 - 0x00007ffee7fa2000 	C:\Windows\System32\bcryptPrimitives.dll
0x00007ffee20a0000 - 0x00007ffee20be000 	C:\Program Files\Java\jdk-22\bin\java.dll
0x00007ffee9630000 - 0x00007ffee9d9f000 	C:\Windows\System32\SHELL32.dll
0x00007ffee9e20000 - 0x00007ffee9f4b000 	C:\Windows\System32\ole32.dll
0x00007ffee8840000 - 0x00007ffee8b93000 	C:\Windows\System32\combase.dll
0x00007ffee59e0000 - 0x00007ffee617f000 	C:\Windows\SYSTEM32\windows.storage.dll
0x00007ffee72b0000 - 0x00007ffee72de000 	C:\Windows\SYSTEM32\Wldp.dll
0x00007ffee9ff0000 - 0x00007ffeea0bd000 	C:\Windows\System32\OLEAUT32.dll
0x00007ffee8ba0000 - 0x00007ffee8c4d000 	C:\Windows\System32\SHCORE.dll
0x00007ffee8fc0000 - 0x00007ffee9015000 	C:\Windows\System32\shlwapi.dll
0x00007ffee7890000 - 0x00007ffee78b4000 	C:\Windows\SYSTEM32\profapi.dll
0x00007ffedb060000 - 0x00007ffedb137000 	C:\Program Files\Java\jdk-22\bin\jsvml.dll
0x00007ffee1e30000 - 0x00007ffee1e40000 	C:\Program Files\Java\jdk-22\bin\net.dll
0x00007ffee7010000 - 0x00007ffee707a000 	C:\Windows\system32\mswsock.dll
0x00007ffee1df0000 - 0x00007ffee1e06000 	C:\Program Files\Java\jdk-22\bin\nio.dll
0x00007ffee1d30000 - 0x00007ffee1d47000 	C:\Program Files\Java\jdk-22\bin\zip.dll
0x00007ffec53f0000 - 0x00007ffec557e000 	C:\Program Files\Java\jdk-22\bin\awt.dll
0x00007ffee4e60000 - 0x00007ffee4ef4000 	C:\Windows\SYSTEM32\apphelp.dll

dbghelp: loaded successfully - version: 4.0.5 - missing functions: none
symbol engine: initialized successfully - sym options: 0x614 - pdb path: .;C:\Program Files\Java\jdk-22\bin;C:\Windows\SYSTEM32;C:\Windows\WinSxS\amd64_microsoft.windows.common-controls_6595b64144ccf1df_6.0.19041.4355_none_60b8b9eb71f62e16;C:\Program Files\Java\jdk-22\bin\server

VM Arguments:
jvm_args: -Dfile.encoding=UTF-8 --module-path=C:\Users\hp\Documents\NetBeansProjects\Bankmnanagementsystem\build\classes 
java_command: bankmnanagementsystem.Signupformthree
java_class_path (initial): C:\Users\hp\Downloads\jcalendar-tz-1.3.3-4.jar;C:\Users\hp\Downloads\mysql-connector-java-8.0.28.jar;C:\Users\hp\Documents\NetBeansProjects\Bankmnanagementsystem\build\classes
Launcher Type: SUN_STANDARD

[Global flags]
     intx CICompilerCount                          = 4                                         {product} {ergonomic}
     uint ConcGCThreads                            = 2                                         {product} {ergonomic}
     uint G1ConcRefinementThreads                  = 8                                         {product} {ergonomic}
   size_t G1HeapRegionSize                         = 1048576                                   {product} {ergonomic}
   size_t InitialHeapSize                          = 100663296                                 {product} {ergonomic}
   size_t MarkStackSize                            = 4194304                                   {product} {ergonomic}
   size_t MaxHeapSize                              = 1589641216                                {product} {ergonomic}
   size_t MaxNewSize                               = 953155584                                 {product} {ergonomic}
   size_t MinHeapDeltaBytes                        = 1048576                                   {product} {ergonomic}
   size_t MinHeapSize                              = 8388608                                   {product} {ergonomic}
    uintx NonNMethodCodeHeapSize                   = 5839372                                {pd product} {ergonomic}
    uintx NonProfiledCodeHeapSize                  = 122909434                              {pd product} {ergonomic}
    uintx ProfiledCodeHeapSize                     = 122909434                              {pd product} {ergonomic}
    uintx ReservedCodeCacheSize                    = 251658240                              {pd product} {ergonomic}
     bool SegmentedCodeCache                       = true                                      {product} {ergonomic}
   size_t SoftMaxHeapSize                          = 1589641216                             {manageable} {ergonomic}
     bool UseCompressedOops                        = true                           {product lp64_product} {ergonomic}
     bool UseG1GC                                  = true                                      {product} {ergonomic}
     bool UseLargePagesIndividualAllocation        = false                                  {pd product} {ergonomic}

Logging:
Log output configuration:
 #0: stdout all=warning uptime,level,tags foldmultilines=false
 #1: stderr all=off uptime,level,tags foldmultilines=false

Environment Variables:
PATH=C:\Program Files\Common Files\Oracle\Java\javapath;C:\Program Files\Python312\Scripts\;C:\Program Files\Python312\;C:\Windows\system32;C:\Windows;C:\Windows\System32\Wbem;C:\Windows\System32\WindowsPowerShell\v1.0\;C:\Windows\System32\OpenSSH\;C:\Program Files\nodejs\;C:\Program Files\Git\cmd;C:\Program Files\MongoDB\Server\7.0\bin;C:\Program Files\Python312\;C:\Program Files\Python312\Scripts\;C:\Program Files\Java\jdk-22\bin;C:\Program Files\MySQL\MySQL Server 8.0\bin;C:\Program Files\MySQL\MySQL Shell 8.0\bin\;C:\Users\hp\AppData\Local\Microsoft\WindowsApps;C:\Users\hp\AppData\Local\Programs\Microsoft VS Code\bin;C:\Users\hp\AppData\Roaming\npm;C:\MinGW\bin;
USERNAME=hp
OS=Windows_NT
PROCESSOR_IDENTIFIER=AMD64 Family 23 Model 24 Stepping 1, AuthenticAMD
TMP=C:\Users\hp\AppData\Local\Temp
TEMP=C:\Users\hp\AppData\Local\Temp




Periodic native trim disabled

---------------  S Y S T E M  ---------------

OS:
 Windows 10 , 64 bit Build 19041 (10.0.19041.4717)
OS uptime: 11 days 20:02 hours

CPU: total 8 (initial active 8) (8 cores per cpu, 2 threads per core) family 23 model 24 stepping 1 microcode 0x0, cx8, cmov, fxsr, ht, mmx, 3dnowpref, sse, sse2, sse3, ssse3, sse4a, sse4.1, sse4.2, popcnt, lzcnt, tsc, tscinvbit, avx, avx2, aes, clmul, bmi1, bmi2, adx, sha, fma, vzeroupper, clflush, clflushopt, rdtscp, f16c
Processor Information for processor 0
  Max Mhz: 2100, Current Mhz: 1400, Mhz Limit: 2100
Processor Information for processor 1
  Max Mhz: 2100, Current Mhz: 1400, Mhz Limit: 2100
Processor Information for processor 2
  Max Mhz: 2100, Current Mhz: 1400, Mhz Limit: 2100
Processor Information for processor 3
  Max Mhz: 2100, Current Mhz: 1400, Mhz Limit: 2100
Processor Information for processor 4
  Max Mhz: 2100, Current Mhz: 2100, Mhz Limit: 2100
Processor Information for processor 5
  Max Mhz: 2100, Current Mhz: 2100, Mhz Limit: 2100
Processor Information for processor 6
  Max Mhz: 2100, Current Mhz: 2100, Mhz Limit: 2100
Processor Information for processor 7
  Max Mhz: 2100, Current Mhz: 2100, Mhz Limit: 2100

Memory: 4k page, system-wide physical 6058M (311M free)
TotalPageFile size 21242M (AvailPageFile size 0M)
current process WorkingSet (physical memory assigned to process): 43M, peak: 43M
current process commit charge ("private bytes"): 180M, peak: 180M

vm_info: Java HotSpot(TM) 64-Bit Server VM (22.0.1+8-16) for windows-amd64 JRE (22.0.1+8-16), built on 2024-03-12T10:33:16Z by "mach5one" with MS VC++ 17.6 (VS2022)

END.
